[2021-02-23 18:42:04,246] multiqc                                            [DEBUG  ]  No MultiQC config found: /mnt/c/Users/acoyl/Downloads/anaconda3/envs/conda_test/lib/python3.8/site-packages/multiqc_config.yaml
[2021-02-23 18:42:04,247] multiqc                                            [DEBUG  ]  No MultiQC config found: /home/afcoyle/.multiqc_config.yaml
[2021-02-23 18:42:04,247] multiqc                                            [DEBUG  ]  No MultiQC config found: multiqc_config.yaml
[2021-02-23 18:42:04,247] multiqc                                            [DEBUG  ]  Command used: /mnt/c/Users/acoyl/Downloads/anaconda3/envs/conda_test/bin/multiqc .
[2021-02-23 18:42:05,485] multiqc                                            [DEBUG  ]  Latest MultiQC version is v1.9
[2021-02-23 18:42:05,485] multiqc                                            [INFO   ]  This is MultiQC v1.9
[2021-02-23 18:42:05,485] multiqc                                            [DEBUG  ]  Command     : /mnt/c/Users/acoyl/Downloads/anaconda3/envs/conda_test/bin/multiqc .
[2021-02-23 18:42:05,485] multiqc                                            [DEBUG  ]  Working dir : /mnt/c/Users/acoyl/Documents/GitHub/fish546/projects/2021-01-25_Data_Exploration/data/indiv_fastq
[2021-02-23 18:42:05,485] multiqc                                            [INFO   ]  Template    : default
[2021-02-23 18:42:05,485] multiqc                                            [DEBUG  ]  Running Python 3.8.3 (default, Jul  2 2020, 16:21:59)  [GCC 7.3.0]
[2021-02-23 18:42:05,486] multiqc                                            [INFO   ]  Searching   : /mnt/c/Users/acoyl/Documents/GitHub/fish546/projects/2021-01-25_Data_Exploration/data/indiv_fastq
[2021-02-23 18:42:05,486] multiqc                                            [DEBUG  ]  Analysing modules: custom_content, conpair, peddy, somalier, methylQA, mosdepth, phantompeakqualtools, qualimap, preseq, quast, qorts, rna_seqc, rockhopper, rsem, rseqc, busco, goleft_indexcov, disambiguate, supernova, deeptools, sargasso, verifybamid, mirtrace, happy, mirtop, homer, macs2, theta2, snpeff, gatk, htseq, bcftools, featureCounts, fgbio, dragen, dedup, damageprofiler, biobambam2, mtnucratio, picard, prokka, samblaster, samtools, sexdeterrmine, bamtools, jellyfish, vcftools, longranger, stacks, varscan2, bbmap, bismark, biscuit, hicexplorer, hicup, hicpro, salmon, kallisto, slamdunk, star, hisat2, tophat, bowtie2, bowtie1, snpsplit, kat, leehom, adapterRemoval, clipandmerge, cutadapt, flexbar, kaiju, kraken, malt, trimmomatic, sickle, skewer, sortmerna, biobloomtools, fastq_screen, afterqc, fastp, fastqc, pycoqc, minionqc, multivcfanalyzer, clusterflow, bcl2fastq, interop, ivar, flash, seqyclean
[2021-02-23 18:42:05,487] multiqc                                            [DEBUG  ]  Using temporary directory for creating report: /tmp/tmpbt9o0072
[2021-02-23 18:42:05,712] multiqc                                            [DEBUG  ]  File ignored by hicexplorer because it exceeded search pattern filesize limit: lib72_read1_fastqc.html
[2021-02-23 18:42:05,736] multiqc                                            [DEBUG  ]  File ignored by longranger/invocation because it exceeded search pattern filesize limit: lib72_read1_fastqc.html
[2021-02-23 18:42:05,736] multiqc                                            [DEBUG  ]  File ignored by rockhopper because it exceeded search pattern filesize limit: lib72_read1_fastqc.html
[2021-02-23 18:42:05,736] multiqc                                            [DEBUG  ]  File ignored by rseqc/bam_stat because it exceeded search pattern filesize limit: lib72_read1_fastqc.html
[2021-02-23 18:42:05,736] multiqc                                            [DEBUG  ]  File ignored by rseqc/junction_annotation because it exceeded search pattern filesize limit: lib72_read1_fastqc.html
[2021-02-23 18:42:05,736] multiqc                                            [DEBUG  ]  File ignored by rseqc/read_distribution because it exceeded search pattern filesize limit: lib72_read1_fastqc.html
[2021-02-23 18:42:05,736] multiqc                                            [DEBUG  ]  File ignored by rseqc/infer_experiment because it exceeded search pattern filesize limit: lib72_read1_fastqc.html
[2021-02-23 18:42:09,889] multiqc.plots.bargraph                             [DEBUG  ]  Using matplotlib version 3.3.4
[2021-02-23 18:42:09,901] multiqc.plots.linegraph                            [DEBUG  ]  Using matplotlib version 3.3.4
[2021-02-23 18:42:09,918] multiqc                                            [DEBUG  ]  No samples found: custom_content
[2021-02-23 18:42:09,983] multiqc                                            [DEBUG  ]  No samples found: conpair
[2021-02-23 18:42:10,016] multiqc                                            [DEBUG  ]  No samples found: peddy
[2021-02-23 18:42:10,051] multiqc                                            [DEBUG  ]  No samples found: somalier
[2021-02-23 18:42:10,084] multiqc                                            [DEBUG  ]  No samples found: methylQA
[2021-02-23 18:42:10,171] multiqc                                            [DEBUG  ]  No samples found: mosdepth
[2021-02-23 18:42:10,206] multiqc                                            [DEBUG  ]  No samples found: phantompeakqualtools
[2021-02-23 18:42:10,221] multiqc                                            [DEBUG  ]  No samples found: qualimap
[2021-02-23 18:42:10,264] multiqc                                            [DEBUG  ]  No samples found: preseq
[2021-02-23 18:42:10,307] multiqc                                            [DEBUG  ]  No samples found: quast
[2021-02-23 18:42:10,346] multiqc                                            [DEBUG  ]  No samples found: qorts
[2021-02-23 18:42:10,374] multiqc                                            [DEBUG  ]  No samples found: rna_seqc
[2021-02-23 18:42:10,413] multiqc                                            [DEBUG  ]  No samples found: rockhopper
[2021-02-23 18:42:10,451] multiqc                                            [DEBUG  ]  No samples found: rsem
[2021-02-23 18:42:10,584] multiqc                                            [DEBUG  ]  No samples found: rseqc
[2021-02-23 18:42:10,617] multiqc                                            [DEBUG  ]  No samples found: busco
[2021-02-23 18:42:10,652] multiqc                                            [DEBUG  ]  No samples found: goleft_indexcov
[2021-02-23 18:42:10,686] multiqc                                            [DEBUG  ]  No samples found: disambiguate
[2021-02-23 18:42:10,721] multiqc                                            [DEBUG  ]  No samples found: supernova
[2021-02-23 18:42:10,851] multiqc                                            [DEBUG  ]  No samples found: deeptools
[2021-02-23 18:42:10,885] multiqc                                            [DEBUG  ]  No samples found: sargasso
[2021-02-23 18:42:10,918] multiqc                                            [DEBUG  ]  No samples found: verifybamid
[2021-02-23 18:42:10,950] multiqc                                            [DEBUG  ]  No samples found: mirtrace
[2021-02-23 18:42:10,987] multiqc                                            [DEBUG  ]  No samples found: happy
[2021-02-23 18:42:11,019] multiqc                                            [DEBUG  ]  No samples found: mirtop
[2021-02-23 18:42:11,072] multiqc                                            [DEBUG  ]  No samples found: homer
[2021-02-23 18:42:11,108] multiqc                                            [DEBUG  ]  No samples found: macs2
[2021-02-23 18:42:11,139] multiqc                                            [DEBUG  ]  No samples found: theta2
[2021-02-23 18:42:11,170] multiqc                                            [DEBUG  ]  No samples found: snpeff
[2021-02-23 18:42:11,222] multiqc                                            [DEBUG  ]  No samples found: gatk
[2021-02-23 18:42:11,256] multiqc                                            [DEBUG  ]  No samples found: htseq
[2021-02-23 18:42:11,308] multiqc                                            [DEBUG  ]  No samples found: bcftools
[2021-02-23 18:42:11,342] multiqc                                            [DEBUG  ]  No samples found: featureCounts
[2021-02-23 18:42:11,401] multiqc                                            [DEBUG  ]  No samples found: fgbio
[2021-02-23 18:42:11,508] multiqc                                            [DEBUG  ]  No samples found: dragen
[2021-02-23 18:42:11,539] multiqc                                            [DEBUG  ]  No samples found: dedup
[2021-02-23 18:42:11,574] multiqc                                            [DEBUG  ]  No samples found: damageprofiler
[2021-02-23 18:42:11,823] multiqc                                            [DEBUG  ]  No samples found: biobambam2
[2021-02-23 18:42:11,856] multiqc                                            [DEBUG  ]  No samples found: mtnucratio
[2021-02-23 18:42:11,858] multiqc                                            [DEBUG  ]  No samples found: picard
[2021-02-23 18:42:11,890] multiqc                                            [DEBUG  ]  No samples found: prokka
[2021-02-23 18:42:11,921] multiqc                                            [DEBUG  ]  No samples found: samblaster
[2021-02-23 18:42:11,995] multiqc                                            [DEBUG  ]  No samples found: samtools
[2021-02-23 18:42:12,025] multiqc                                            [DEBUG  ]  No samples found: sexdeterrmine
[2021-02-23 18:42:12,071] multiqc                                            [DEBUG  ]  No samples found: bamtools
[2021-02-23 18:42:12,104] multiqc                                            [DEBUG  ]  No samples found: jellyfish
[2021-02-23 18:42:12,183] multiqc                                            [DEBUG  ]  No samples found: vcftools
[2021-02-23 18:42:12,219] multiqc                                            [DEBUG  ]  No samples found: longranger
[2021-02-23 18:42:12,255] multiqc                                            [DEBUG  ]  No samples found: stacks
[2021-02-23 18:42:12,290] multiqc                                            [DEBUG  ]  No samples found: varscan2
[2021-02-23 18:42:12,438] multiqc                                            [DEBUG  ]  No samples found: bbmap
[2021-02-23 18:42:12,464] multiqc                                            [DEBUG  ]  No samples found: bismark
[2021-02-23 18:42:12,489] multiqc                                            [DEBUG  ]  No samples found: biscuit
[2021-02-23 18:42:12,515] multiqc                                            [DEBUG  ]  No samples found: hicexplorer
[2021-02-23 18:42:12,539] multiqc                                            [DEBUG  ]  No samples found: hicup
[2021-02-23 18:42:12,562] multiqc                                            [DEBUG  ]  No samples found: hicpro
[2021-02-23 18:42:12,584] multiqc                                            [DEBUG  ]  No samples found: salmon
[2021-02-23 18:42:12,610] multiqc                                            [DEBUG  ]  No samples found: kallisto
[2021-02-23 18:42:12,633] multiqc                                            [DEBUG  ]  No samples found: slamdunk
[2021-02-23 18:42:12,655] multiqc                                            [DEBUG  ]  No samples found: star
[2021-02-23 18:42:12,678] multiqc                                            [DEBUG  ]  No samples found: hisat2
[2021-02-23 18:42:12,702] multiqc                                            [DEBUG  ]  No samples found: tophat
[2021-02-23 18:42:12,724] multiqc                                            [DEBUG  ]  No samples found: bowtie2
[2021-02-23 18:42:12,750] multiqc                                            [DEBUG  ]  No samples found: bowtie1
[2021-02-23 18:42:12,777] multiqc                                            [DEBUG  ]  No samples found: snpsplit
[2021-02-23 18:42:12,801] multiqc                                            [DEBUG  ]  No samples found: kat
[2021-02-23 18:42:12,826] multiqc                                            [DEBUG  ]  No samples found: leehom
[2021-02-23 18:42:12,852] multiqc                                            [DEBUG  ]  No samples found: adapterRemoval
[2021-02-23 18:42:12,875] multiqc                                            [DEBUG  ]  No samples found: clipandmerge
[2021-02-23 18:42:12,898] multiqc                                            [DEBUG  ]  No samples found: cutadapt
[2021-02-23 18:42:12,922] multiqc                                            [DEBUG  ]  No samples found: flexbar
[2021-02-23 18:42:12,945] multiqc                                            [DEBUG  ]  No samples found: kaiju
[2021-02-23 18:42:12,969] multiqc                                            [DEBUG  ]  No samples found: kraken
[2021-02-23 18:42:12,995] multiqc                                            [DEBUG  ]  No samples found: malt
[2021-02-23 18:42:13,020] multiqc                                            [DEBUG  ]  No samples found: trimmomatic
[2021-02-23 18:42:13,045] multiqc                                            [DEBUG  ]  No samples found: sickle
[2021-02-23 18:42:13,067] multiqc                                            [DEBUG  ]  No samples found: skewer
[2021-02-23 18:42:13,089] multiqc                                            [DEBUG  ]  No samples found: sortmerna
[2021-02-23 18:42:13,112] multiqc                                            [DEBUG  ]  No samples found: biobloomtools
[2021-02-23 18:42:13,135] multiqc                                            [DEBUG  ]  No samples found: fastq_screen
[2021-02-23 18:42:13,161] multiqc                                            [DEBUG  ]  No samples found: afterqc
[2021-02-23 18:42:13,184] multiqc                                            [DEBUG  ]  No samples found: fastp
[2021-02-23 18:42:13,332] multiqc.modules.fastqc.fastqc                      [INFO   ]  Found 1 reports
[2021-02-23 18:42:13,413] multiqc                                            [DEBUG  ]  No samples found: pycoqc
[2021-02-23 18:42:13,436] multiqc                                            [DEBUG  ]  No samples found: minionqc
[2021-02-23 18:42:13,464] multiqc                                            [DEBUG  ]  No samples found: multivcfanalyzer
[2021-02-23 18:42:13,487] multiqc                                            [DEBUG  ]  No samples found: clusterflow
[2021-02-23 18:42:13,513] multiqc                                            [DEBUG  ]  No samples found: bcl2fastq
[2021-02-23 18:42:13,537] multiqc                                            [DEBUG  ]  No samples found: interop
[2021-02-23 18:42:13,564] multiqc                                            [DEBUG  ]  No samples found: ivar
[2021-02-23 18:42:13,586] multiqc                                            [DEBUG  ]  No samples found: flash
[2021-02-23 18:42:13,613] multiqc                                            [DEBUG  ]  No samples found: seqyclean
[2021-02-23 18:42:13,615] multiqc                                            [INFO   ]  Compressing plot data
[2021-02-23 18:42:13,636] multiqc                                            [INFO   ]  Report      : multiqc_report.html
[2021-02-23 18:42:13,637] multiqc                                            [INFO   ]  Data        : multiqc_data
[2021-02-23 18:42:13,637] multiqc                                            [DEBUG  ]  Moving data file from '/tmp/tmpbt9o0072/multiqc_data' to '/mnt/c/Users/acoyl/Documents/GitHub/fish546/projects/2021-01-25_Data_Exploration/data/indiv_fastq/multiqc_data'
[2021-02-23 18:42:14,638] multiqc                                            [INFO   ]  MultiQC complete
